<?xml version="1.0" encoding="UTF-8"?>
<!-- Generated by org.testng.reporters.JUnitXMLReporter -->
<testsuite hostname="kareem-pc" ignored="0" name="Command line test" tests="1" failures="1" timestamp="2019-10-19T10:35:57 EET" time="193.029" errors="0">
  <testcase name="addtoCartAndConfirmOrderAndCheckHistory" time="13.671" classname="com.DELL.AutoPractice_Selenium.AppTest">
    <failure type="org.openqa.selenium.StaleElementReferenceException" message="The element reference of &amp;lt;li class=&amp;quot;step_current  first&amp;quot;&amp;gt; is stale; either the element is no longer attached to the DOM, it is not in the current frame context, or the document has been refreshed
For documentation on this error, please visit: https://www.seleniumhq.org/exceptions/stale_element_reference.html
Build info: version: &amp;apos;3.141.59&amp;apos;, revision: &amp;apos;e82be7d358&amp;apos;, time: &amp;apos;2018-11-14T08:17:03&amp;apos;
System info: host: &amp;apos;kareem-pc&amp;apos;, ip: &amp;apos;127.0.1.1&amp;apos;, os.name: &amp;apos;Linux&amp;apos;, os.arch: &amp;apos;amd64&amp;apos;, os.version: &amp;apos;4.19.69-1-MANJARO&amp;apos;, java.version: &amp;apos;1.8.0_222&amp;apos;
Driver info: org.openqa.selenium.firefox.FirefoxDriver
Capabilities {acceptInsecureCerts: true, browserName: firefox, browserVersion: 69.0, javascriptEnabled: true, moz:accessibilityChecks: false, moz:buildID: 20190902000000, moz:geckodriverVersion: 0.26.0, moz:headless: false, moz:processID: 8432, moz:profile: /tmp/rust_mozprofile7gn9K5, moz:shutdownTimeout: 60000, moz:useNonSpecCompliantPointerOrigin: false, moz:webdriverClick: true, pageLoadStrategy: normal, platform: LINUX, platformName: LINUX, platformVersion: 4.19.69-1-MANJARO, rotatable: false, setWindowRect: true, strictFileInteractability: false, timeouts: {implicit: 0, pageLoad: 300000, script: 30000}, unhandledPromptBehavior: dismiss and notify}
Session ID: d0b556d3-7b71-4cd8-9960-bc5a64620e9a">
      <![CDATA[org.openqa.selenium.StaleElementReferenceException: The element reference of <li class="step_current  first"> is stale; either the element is no longer attached to the DOM, it is not in the current frame context, or the document has been refreshed
For documentation on this error, please visit: https://www.seleniumhq.org/exceptions/stale_element_reference.html
Build info: version: '3.141.59', revision: 'e82be7d358', time: '2018-11-14T08:17:03'
System info: host: 'kareem-pc', ip: '127.0.1.1', os.name: 'Linux', os.arch: 'amd64', os.version: '4.19.69-1-MANJARO', java.version: '1.8.0_222'
Driver info: org.openqa.selenium.firefox.FirefoxDriver
Capabilities {acceptInsecureCerts: true, browserName: firefox, browserVersion: 69.0, javascriptEnabled: true, moz:accessibilityChecks: false, moz:buildID: 20190902000000, moz:geckodriverVersion: 0.26.0, moz:headless: false, moz:processID: 8432, moz:profile: /tmp/rust_mozprofile7gn9K5, moz:shutdownTimeout: 60000, moz:useNonSpecCompliantPointerOrigin: false, moz:webdriverClick: true, pageLoadStrategy: normal, platform: LINUX, platformName: LINUX, platformVersion: 4.19.69-1-MANJARO, rotatable: false, setWindowRect: true, strictFileInteractability: false, timeouts: {implicit: 0, pageLoad: 300000, script: 30000}, unhandledPromptBehavior: dismiss and notify}
Session ID: d0b556d3-7b71-4cd8-9960-bc5a64620e9a
at org.openqa.selenium.remote.http.W3CHttpResponseCodec.createException(W3CHttpResponseCodec.java:187)
at org.openqa.selenium.remote.http.W3CHttpResponseCodec.decode(W3CHttpResponseCodec.java:122)
at org.openqa.selenium.remote.http.W3CHttpResponseCodec.decode(W3CHttpResponseCodec.java:49)
at org.openqa.selenium.remote.HttpCommandExecutor.execute(HttpCommandExecutor.java:158)
at org.openqa.selenium.remote.service.DriverCommandExecutor.execute(DriverCommandExecutor.java:83)
at org.openqa.selenium.remote.RemoteWebDriver.execute(RemoteWebDriver.java:552)
at org.openqa.selenium.remote.RemoteWebElement.execute(RemoteWebElement.java:285)
at org.openqa.selenium.remote.RemoteWebElement.getAttribute(RemoteWebElement.java:134)
at com.DELL.AutoPractice_Selenium.CheckoutFormsPage.checkCurrentStep(CheckoutFormsPage.java:102)
at com.DELL.AutoPractice_Selenium.AppTest.addtoCartAndConfirmOrderAndCheckHistory(AppTest.java:204)
at java.util.ArrayList.forEach(ArrayList.java:1257)
... Removed 40 stack frames]]>
    </failure>
  </testcase> <!-- addtoCartAndConfirmOrderAndCheckHistory -->
</testsuite> <!-- Command line test -->
